0 info it worked if it ends with ok
1 verbose cli [ '/usr/bin/node', '/usr/bin/npm', 'install', 'morgan' ]
2 info using npm@3.5.2
3 info using node@v8.10.0
4 silly loadCurrentTree Starting
5 silly install loadCurrentTree
6 silly install readLocalPackageData
7 silly fetchPackageMetaData morgan@^1.10.0
8 silly fetchNamedPackageData morgan
9 silly mapToRegistry name morgan
10 silly mapToRegistry using default registry
11 silly mapToRegistry registry https://registry.npmjs.org/
12 silly mapToRegistry uri https://registry.npmjs.org/morgan
13 verbose request uri https://registry.npmjs.org/morgan
14 verbose request no auth needed
15 info attempt registry request try #1 at 6:42:40 PM
16 verbose request id ea11dca1f0468ed8
17 http request GET https://registry.npmjs.org/morgan
18 http 200 https://registry.npmjs.org/morgan
19 verbose headers { date: 'Tue, 07 Sep 2021 16:42:44 GMT',
19 verbose headers   'content-type': 'application/json',
19 verbose headers   'transfer-encoding': 'chunked',
19 verbose headers   connection: 'keep-alive',
19 verbose headers   'cf-ray': '68b164591c6ffc8d-FCO',
19 verbose headers   age: '205',
19 verbose headers   'cache-control': 'public, max-age=300',
19 verbose headers   etag: 'W/"f426cc89ff0a3e18d6a5f0ce7c52378e"',
19 verbose headers   'last-modified': 'Sun, 12 Jul 2020 14:11:04 GMT',
19 verbose headers   vary: 'accept-encoding, accept',
19 verbose headers   'cf-cache-status': 'HIT',
19 verbose headers   'expect-ct': 'max-age=604800, report-uri="https://report-uri.cloudflare.com/cdn-cgi/beacon/expect-ct"',
19 verbose headers   server: 'cloudflare',
19 verbose headers   'content-encoding': 'gzip' }
20 silly get cb [ 200,
20 silly get   { date: 'Tue, 07 Sep 2021 16:42:44 GMT',
20 silly get     'content-type': 'application/json',
20 silly get     'transfer-encoding': 'chunked',
20 silly get     connection: 'keep-alive',
20 silly get     'cf-ray': '68b164591c6ffc8d-FCO',
20 silly get     age: '205',
20 silly get     'cache-control': 'public, max-age=300',
20 silly get     etag: 'W/"f426cc89ff0a3e18d6a5f0ce7c52378e"',
20 silly get     'last-modified': 'Sun, 12 Jul 2020 14:11:04 GMT',
20 silly get     vary: 'accept-encoding, accept',
20 silly get     'cf-cache-status': 'HIT',
20 silly get     'expect-ct': 'max-age=604800, report-uri="https://report-uri.cloudflare.com/cdn-cgi/beacon/expect-ct"',
20 silly get     server: 'cloudflare',
20 silly get     'content-encoding': 'gzip' } ]
21 verbose get saving morgan to /home/gs00119/.npm/registry.npmjs.org/morgan/.cache.json
22 silly install normalizeTree
23 silly loadCurrentTree Finishing
24 silly loadIdealTree Starting
25 silly install loadIdealTree
26 silly cloneCurrentTree Starting
27 silly install cloneCurrentTreeToIdealTree
28 silly cloneCurrentTree Finishing
29 silly loadShrinkwrap Starting
30 silly install loadShrinkwrap
31 silly loadShrinkwrap Finishing
32 silly loadAllDepsIntoIdealTree Starting
33 silly install loadAllDepsIntoIdealTree
34 silly resolveWithNewModule morgan@1.10.0 checking installable status
35 silly cache add args [ 'morgan@^1.10.0', null ]
36 verbose cache add spec morgan@^1.10.0
37 silly cache add parsed spec Result {
37 silly cache add   raw: 'morgan@^1.10.0',
37 silly cache add   scope: null,
37 silly cache add   name: 'morgan',
37 silly cache add   rawSpec: '^1.10.0',
37 silly cache add   spec: '>=1.10.0 <2.0.0',
37 silly cache add   type: 'range' }
38 silly addNamed morgan@>=1.10.0 <2.0.0
39 verbose addNamed ">=1.10.0 <2.0.0" is a valid semver range for morgan
40 silly addNameRange { name: 'morgan', range: '>=1.10.0 <2.0.0', hasData: false }
41 silly mapToRegistry name morgan
42 silly mapToRegistry using default registry
43 silly mapToRegistry registry https://registry.npmjs.org/
44 silly mapToRegistry uri https://registry.npmjs.org/morgan
45 verbose addNameRange registry:https://registry.npmjs.org/morgan not in flight; fetching
46 verbose get https://registry.npmjs.org/morgan not expired, no request
47 silly addNameRange number 2 { name: 'morgan', range: '>=1.10.0 <2.0.0', hasData: true }
48 silly addNameRange versions [ 'morgan',
48 silly addNameRange   [ '1.0.0',
48 silly addNameRange     '1.0.1',
48 silly addNameRange     '1.1.0',
48 silly addNameRange     '1.1.1',
48 silly addNameRange     '1.2.0',
48 silly addNameRange     '1.2.1',
48 silly addNameRange     '1.2.2',
48 silly addNameRange     '1.2.3',
48 silly addNameRange     '1.3.0',
48 silly addNameRange     '1.3.1',
48 silly addNameRange     '1.3.2',
48 silly addNameRange     '1.4.0',
48 silly addNameRange     '1.4.1',
48 silly addNameRange     '1.5.0',
48 silly addNameRange     '1.5.1',
48 silly addNameRange     '1.5.2',
48 silly addNameRange     '1.5.3',
48 silly addNameRange     '1.6.0',
48 silly addNameRange     '1.6.1',
48 silly addNameRange     '1.7.0',
48 silly addNameRange     '1.8.0',
48 silly addNameRange     '1.8.1',
48 silly addNameRange     '1.8.2',
48 silly addNameRange     '1.9.0',
48 silly addNameRange     '1.9.1',
48 silly addNameRange     '1.10.0' ] ]
49 silly addNamed morgan@1.10.0
50 verbose addNamed "1.10.0" is a plain semver version for morgan
51 silly mapToRegistry name morgan
52 silly mapToRegistry using default registry
53 silly mapToRegistry registry https://registry.npmjs.org/
54 silly mapToRegistry uri https://registry.npmjs.org/morgan
55 verbose addRemoteTarball https://registry.npmjs.org/morgan/-/morgan-1.10.0.tgz not in flight; adding
56 verbose addRemoteTarball [ 'https://registry.npmjs.org/morgan/-/morgan-1.10.0.tgz',
56 verbose addRemoteTarball   '091778abc1fc47cd3509824653dae1faab6b17d7' ]
57 info retry fetch attempt 1 at 6:42:46 PM
58 info attempt registry request try #1 at 6:42:46 PM
59 http fetch GET https://registry.npmjs.org/morgan/-/morgan-1.10.0.tgz
60 http fetch 200 https://registry.npmjs.org/morgan/-/morgan-1.10.0.tgz
61 silly fetchAndShaCheck shasum 091778abc1fc47cd3509824653dae1faab6b17d7
62 verbose addTmpTarball /tmp/npm-13814-3e12be67/registry.npmjs.org/morgan/-/morgan-1.10.0.tgz not in flight; adding
63 verbose addTmpTarball already have metadata; skipping unpack for morgan@1.10.0
64 silly cache afterAdd morgan@1.10.0
65 verbose afterAdd /home/gs00119/.npm/morgan/1.10.0/package/package.json not in flight; writing
66 verbose afterAdd /home/gs00119/.npm/morgan/1.10.0/package/package.json written
67 silly fetchNamedPackageData basic-auth
68 silly mapToRegistry name basic-auth
69 silly mapToRegistry using default registry
70 silly mapToRegistry registry https://registry.npmjs.org/
71 silly mapToRegistry uri https://registry.npmjs.org/basic-auth
72 silly fetchNamedPackageData depd
73 silly mapToRegistry name depd
74 silly mapToRegistry using default registry
75 silly mapToRegistry registry https://registry.npmjs.org/
76 silly mapToRegistry uri https://registry.npmjs.org/depd
77 silly fetchNamedPackageData on-headers
78 silly mapToRegistry name on-headers
79 silly mapToRegistry using default registry
80 silly mapToRegistry registry https://registry.npmjs.org/
81 silly mapToRegistry uri https://registry.npmjs.org/on-headers
82 verbose request uri https://registry.npmjs.org/on-headers
83 verbose request no auth needed
84 info attempt registry request try #1 at 6:42:47 PM
85 http request GET https://registry.npmjs.org/on-headers
86 verbose request uri https://registry.npmjs.org/basic-auth
87 verbose request no auth needed
88 info attempt registry request try #1 at 6:42:47 PM
89 http request GET https://registry.npmjs.org/basic-auth
90 verbose request uri https://registry.npmjs.org/depd
91 verbose request no auth needed
92 info attempt registry request try #1 at 6:42:47 PM
93 verbose etag W/"70852dc9265da686a07afcc095f5313d"
94 verbose lastModified Wed, 02 Jan 2019 20:56:16 GMT
95 http request GET https://registry.npmjs.org/depd
96 http 200 https://registry.npmjs.org/on-headers
97 verbose headers { date: 'Tue, 07 Sep 2021 16:42:46 GMT',
97 verbose headers   'content-type': 'application/json',
97 verbose headers   'transfer-encoding': 'chunked',
97 verbose headers   connection: 'keep-alive',
97 verbose headers   'cf-ray': '68b1646a3cd6fc8d-FCO',
97 verbose headers   age: '201',
97 verbose headers   'cache-control': 'public, max-age=300',
97 verbose headers   etag: 'W/"f4b0ced7f21b1a4e6ba999293fd842a1"',
97 verbose headers   'last-modified': 'Fri, 22 Feb 2019 03:48:58 GMT',
97 verbose headers   vary: 'accept-encoding, accept',
97 verbose headers   'cf-cache-status': 'HIT',
97 verbose headers   'expect-ct': 'max-age=604800, report-uri="https://report-uri.cloudflare.com/cdn-cgi/beacon/expect-ct"',
97 verbose headers   server: 'cloudflare',
97 verbose headers   'content-encoding': 'gzip' }
98 silly get cb [ 200,
98 silly get   { date: 'Tue, 07 Sep 2021 16:42:46 GMT',
98 silly get     'content-type': 'application/json',
98 silly get     'transfer-encoding': 'chunked',
98 silly get     connection: 'keep-alive',
98 silly get     'cf-ray': '68b1646a3cd6fc8d-FCO',
98 silly get     age: '201',
98 silly get     'cache-control': 'public, max-age=300',
98 silly get     etag: 'W/"f4b0ced7f21b1a4e6ba999293fd842a1"',
98 silly get     'last-modified': 'Fri, 22 Feb 2019 03:48:58 GMT',
98 silly get     vary: 'accept-encoding, accept',
98 silly get     'cf-cache-status': 'HIT',
98 silly get     'expect-ct': 'max-age=604800, report-uri="https://report-uri.cloudflare.com/cdn-cgi/beacon/expect-ct"',
98 silly get     server: 'cloudflare',
98 silly get     'content-encoding': 'gzip' } ]
99 verbose get saving on-headers to /home/gs00119/.npm/registry.npmjs.org/on-headers/.cache.json
100 silly resolveWithNewModule on-headers@1.0.2 checking installable status
101 silly cache add args [ 'on-headers@~1.0.2', null ]
102 verbose cache add spec on-headers@~1.0.2
103 silly cache add parsed spec Result {
103 silly cache add   raw: 'on-headers@~1.0.2',
103 silly cache add   scope: null,
103 silly cache add   name: 'on-headers',
103 silly cache add   rawSpec: '~1.0.2',
103 silly cache add   spec: '>=1.0.2 <1.1.0',
103 silly cache add   type: 'range' }
104 silly addNamed on-headers@>=1.0.2 <1.1.0
105 verbose addNamed ">=1.0.2 <1.1.0" is a valid semver range for on-headers
106 silly addNameRange { name: 'on-headers', range: '>=1.0.2 <1.1.0', hasData: false }
107 silly mapToRegistry name on-headers
108 silly mapToRegistry using default registry
109 silly mapToRegistry registry https://registry.npmjs.org/
110 silly mapToRegistry uri https://registry.npmjs.org/on-headers
111 verbose addNameRange registry:https://registry.npmjs.org/on-headers not in flight; fetching
112 verbose get https://registry.npmjs.org/on-headers not expired, no request
113 silly addNameRange number 2 { name: 'on-headers', range: '>=1.0.2 <1.1.0', hasData: true }
114 silly addNameRange versions [ 'on-headers', [ '0.0.0', '1.0.0', '1.0.1', '1.0.2' ] ]
115 silly addNamed on-headers@1.0.2
116 verbose addNamed "1.0.2" is a plain semver version for on-headers
117 silly mapToRegistry name on-headers
118 silly mapToRegistry using default registry
119 silly mapToRegistry registry https://registry.npmjs.org/
120 silly mapToRegistry uri https://registry.npmjs.org/on-headers
121 verbose addRemoteTarball https://registry.npmjs.org/on-headers/-/on-headers-1.0.2.tgz not in flight; adding
122 verbose addRemoteTarball [ 'https://registry.npmjs.org/on-headers/-/on-headers-1.0.2.tgz',
122 verbose addRemoteTarball   '772b0ae6aaa525c399e489adfad90c403eb3c28f' ]
123 http 200 https://registry.npmjs.org/basic-auth
124 verbose headers { date: 'Tue, 07 Sep 2021 16:42:47 GMT',
124 verbose headers   'content-type': 'application/json',
124 verbose headers   'transfer-encoding': 'chunked',
124 verbose headers   connection: 'keep-alive',
124 verbose headers   'cf-ray': '68b1646d39cecd42-FCO',
124 verbose headers   'cache-control': 'public, max-age=300',
124 verbose headers   etag: 'W/"919ca208631295de2d6516198d27c201"',
124 verbose headers   'last-modified': 'Thu, 21 May 2020 14:39:16 GMT',
124 verbose headers   vary: 'accept-encoding, accept',
124 verbose headers   'cf-cache-status': 'REVALIDATED',
124 verbose headers   'expect-ct': 'max-age=604800, report-uri="https://report-uri.cloudflare.com/cdn-cgi/beacon/expect-ct"',
124 verbose headers   server: 'cloudflare',
124 verbose headers   'content-encoding': 'gzip' }
125 silly get cb [ 200,
125 silly get   { date: 'Tue, 07 Sep 2021 16:42:47 GMT',
125 silly get     'content-type': 'application/json',
125 silly get     'transfer-encoding': 'chunked',
125 silly get     connection: 'keep-alive',
125 silly get     'cf-ray': '68b1646d39cecd42-FCO',
125 silly get     'cache-control': 'public, max-age=300',
125 silly get     etag: 'W/"919ca208631295de2d6516198d27c201"',
125 silly get     'last-modified': 'Thu, 21 May 2020 14:39:16 GMT',
125 silly get     vary: 'accept-encoding, accept',
125 silly get     'cf-cache-status': 'REVALIDATED',
125 silly get     'expect-ct': 'max-age=604800, report-uri="https://report-uri.cloudflare.com/cdn-cgi/beacon/expect-ct"',
125 silly get     server: 'cloudflare',
125 silly get     'content-encoding': 'gzip' } ]
126 verbose get saving basic-auth to /home/gs00119/.npm/registry.npmjs.org/basic-auth/.cache.json
127 silly resolveWithNewModule basic-auth@2.0.1 checking installable status
128 silly cache add args [ 'basic-auth@~2.0.1', null ]
129 verbose cache add spec basic-auth@~2.0.1
130 silly cache add parsed spec Result {
130 silly cache add   raw: 'basic-auth@~2.0.1',
130 silly cache add   scope: null,
130 silly cache add   name: 'basic-auth',
130 silly cache add   rawSpec: '~2.0.1',
130 silly cache add   spec: '>=2.0.1 <2.1.0',
130 silly cache add   type: 'range' }
131 silly addNamed basic-auth@>=2.0.1 <2.1.0
132 verbose addNamed ">=2.0.1 <2.1.0" is a valid semver range for basic-auth
133 silly addNameRange { name: 'basic-auth', range: '>=2.0.1 <2.1.0', hasData: false }
134 silly mapToRegistry name basic-auth
135 silly mapToRegistry using default registry
136 silly mapToRegistry registry https://registry.npmjs.org/
137 silly mapToRegistry uri https://registry.npmjs.org/basic-auth
138 verbose addNameRange registry:https://registry.npmjs.org/basic-auth not in flight; fetching
139 verbose get https://registry.npmjs.org/basic-auth not expired, no request
140 silly addNameRange number 2 { name: 'basic-auth', range: '>=2.0.1 <2.1.0', hasData: true }
141 silly addNameRange versions [ 'basic-auth',
141 silly addNameRange   [ '0.0.1',
141 silly addNameRange     '1.0.0',
141 silly addNameRange     '1.0.1',
141 silly addNameRange     '1.0.2',
141 silly addNameRange     '1.0.3',
141 silly addNameRange     '1.0.4',
141 silly addNameRange     '1.1.0',
141 silly addNameRange     '2.0.0',
141 silly addNameRange     '2.0.1' ] ]
142 silly addNamed basic-auth@2.0.1
143 verbose addNamed "2.0.1" is a plain semver version for basic-auth
144 http 304 https://registry.npmjs.org/depd
145 verbose headers { date: 'Tue, 07 Sep 2021 16:42:47 GMT',
145 verbose headers   connection: 'keep-alive',
145 verbose headers   'cf-ray': '68b1646b3ec7fc8d-FCO',
145 verbose headers   'cache-control': 'public, max-age=300',
145 verbose headers   etag: '"70852dc9265da686a07afcc095f5313d"',
145 verbose headers   'last-modified': 'Wed, 02 Jan 2019 20:56:16 GMT',
145 verbose headers   vary: 'Accept-Encoding',
145 verbose headers   'cf-cache-status': 'REVALIDATED',
145 verbose headers   'expect-ct': 'max-age=604800, report-uri="https://report-uri.cloudflare.com/cdn-cgi/beacon/expect-ct"',
145 verbose headers   server: 'cloudflare' }
146 silly get cb [ 304,
146 silly get   { date: 'Tue, 07 Sep 2021 16:42:47 GMT',
146 silly get     connection: 'keep-alive',
146 silly get     'cf-ray': '68b1646b3ec7fc8d-FCO',
146 silly get     'cache-control': 'public, max-age=300',
146 silly get     etag: '"70852dc9265da686a07afcc095f5313d"',
146 silly get     'last-modified': 'Wed, 02 Jan 2019 20:56:16 GMT',
146 silly get     vary: 'Accept-Encoding',
146 silly get     'cf-cache-status': 'REVALIDATED',
146 silly get     'expect-ct': 'max-age=604800, report-uri="https://report-uri.cloudflare.com/cdn-cgi/beacon/expect-ct"',
146 silly get     server: 'cloudflare' } ]
147 verbose etag https://registry.npmjs.org/depd from cache
148 verbose get saving depd to /home/gs00119/.npm/registry.npmjs.org/depd/.cache.json
149 silly mapToRegistry name basic-auth
150 silly mapToRegistry using default registry
151 silly mapToRegistry registry https://registry.npmjs.org/
152 silly mapToRegistry uri https://registry.npmjs.org/basic-auth
153 verbose addRemoteTarball https://registry.npmjs.org/basic-auth/-/basic-auth-2.0.1.tgz not in flight; adding
154 verbose addRemoteTarball [ 'https://registry.npmjs.org/basic-auth/-/basic-auth-2.0.1.tgz',
154 verbose addRemoteTarball   'b998279bf47ce38344b4f3cf916d4679bbf51e3a' ]
155 info retry fetch attempt 1 at 6:42:48 PM
156 info attempt registry request try #1 at 6:42:48 PM
157 http fetch GET https://registry.npmjs.org/on-headers/-/on-headers-1.0.2.tgz
158 http fetch 200 https://registry.npmjs.org/on-headers/-/on-headers-1.0.2.tgz
159 info retry fetch attempt 1 at 6:42:49 PM
160 info attempt registry request try #1 at 6:42:49 PM
161 http fetch GET https://registry.npmjs.org/basic-auth/-/basic-auth-2.0.1.tgz
162 http fetch 200 https://registry.npmjs.org/basic-auth/-/basic-auth-2.0.1.tgz
163 silly resolveWithNewModule depd@2.0.0 checking installable status
164 silly cache add args [ 'depd@~2.0.0', null ]
165 verbose cache add spec depd@~2.0.0
166 silly cache add parsed spec Result {
166 silly cache add   raw: 'depd@~2.0.0',
166 silly cache add   scope: null,
166 silly cache add   name: 'depd',
166 silly cache add   rawSpec: '~2.0.0',
166 silly cache add   spec: '>=2.0.0 <2.1.0',
166 silly cache add   type: 'range' }
167 silly addNamed depd@>=2.0.0 <2.1.0
168 verbose addNamed ">=2.0.0 <2.1.0" is a valid semver range for depd
169 silly addNameRange { name: 'depd', range: '>=2.0.0 <2.1.0', hasData: false }
170 silly mapToRegistry name depd
171 silly mapToRegistry using default registry
172 silly mapToRegistry registry https://registry.npmjs.org/
173 silly mapToRegistry uri https://registry.npmjs.org/depd
174 verbose addNameRange registry:https://registry.npmjs.org/depd not in flight; fetching
175 silly fetchAndShaCheck shasum 772b0ae6aaa525c399e489adfad90c403eb3c28f
176 verbose addTmpTarball /tmp/npm-13814-3e12be67/registry.npmjs.org/on-headers/-/on-headers-1.0.2.tgz not in flight; adding
177 verbose addTmpTarball already have metadata; skipping unpack for on-headers@1.0.2
178 verbose get https://registry.npmjs.org/depd not expired, no request
179 silly addNameRange number 2 { name: 'depd', range: '>=2.0.0 <2.1.0', hasData: true }
180 silly addNameRange versions [ 'depd',
180 silly addNameRange   [ '0.0.0',
180 silly addNameRange     '0.0.1',
180 silly addNameRange     '0.1.0',
180 silly addNameRange     '0.2.0',
180 silly addNameRange     '0.3.0',
180 silly addNameRange     '0.4.0',
180 silly addNameRange     '0.4.1',
180 silly addNameRange     '0.4.2',
180 silly addNameRange     '0.4.3',
180 silly addNameRange     '0.4.4',
180 silly addNameRange     '0.4.5',
180 silly addNameRange     '1.0.0',
180 silly addNameRange     '1.0.1',
180 silly addNameRange     '1.1.0',
180 silly addNameRange     '1.1.1',
180 silly addNameRange     '1.1.2',
180 silly addNameRange     '2.0.0' ] ]
181 silly addNamed depd@2.0.0
182 verbose addNamed "2.0.0" is a plain semver version for depd
183 silly mapToRegistry name depd
184 silly mapToRegistry using default registry
185 silly mapToRegistry registry https://registry.npmjs.org/
186 silly mapToRegistry uri https://registry.npmjs.org/depd
187 verbose addRemoteTarball https://registry.npmjs.org/depd/-/depd-2.0.0.tgz not in flight; adding
188 verbose addRemoteTarball [ 'https://registry.npmjs.org/depd/-/depd-2.0.0.tgz',
188 verbose addRemoteTarball   'b696163cc757560d09cf22cc8fad1571b79e76df' ]
189 silly fetchAndShaCheck shasum b998279bf47ce38344b4f3cf916d4679bbf51e3a
190 info retry fetch attempt 1 at 6:42:51 PM
191 info attempt registry request try #1 at 6:42:51 PM
192 http fetch GET https://registry.npmjs.org/depd/-/depd-2.0.0.tgz
193 verbose addTmpTarball /tmp/npm-13814-3e12be67/registry.npmjs.org/basic-auth/-/basic-auth-2.0.1.tgz not in flight; adding
194 verbose addTmpTarball already have metadata; skipping unpack for basic-auth@2.0.1
195 http fetch 200 https://registry.npmjs.org/depd/-/depd-2.0.0.tgz
196 silly cache afterAdd on-headers@1.0.2
197 verbose afterAdd /home/gs00119/.npm/on-headers/1.0.2/package/package.json not in flight; writing
198 verbose afterAdd /home/gs00119/.npm/on-headers/1.0.2/package/package.json written
199 silly fetchAndShaCheck shasum b696163cc757560d09cf22cc8fad1571b79e76df
200 verbose addTmpTarball /tmp/npm-13814-3e12be67/registry.npmjs.org/depd/-/depd-2.0.0.tgz not in flight; adding
201 verbose addTmpTarball already have metadata; skipping unpack for depd@2.0.0
202 silly cache afterAdd depd@2.0.0
203 verbose afterAdd /home/gs00119/.npm/depd/2.0.0/package/package.json not in flight; writing
204 verbose afterAdd /home/gs00119/.npm/depd/2.0.0/package/package.json written
205 silly cache afterAdd basic-auth@2.0.1
206 verbose afterAdd /home/gs00119/.npm/basic-auth/2.0.1/package/package.json not in flight; writing
207 verbose afterAdd /home/gs00119/.npm/basic-auth/2.0.1/package/package.json written
208 silly loadAllDepsIntoIdealTree Finishing
209 silly idealTree:prePrune express-ex0@1.0.0
209 silly idealTree:prePrune ├── accepts@1.3.7
209 silly idealTree:prePrune ├── array-flatten@1.1.1
209 silly idealTree:prePrune ├── basic-auth@2.0.1
209 silly idealTree:prePrune ├── body-parser@1.19.0
209 silly idealTree:prePrune ├── bytes@3.1.0
209 silly idealTree:prePrune ├── content-disposition@0.5.3
209 silly idealTree:prePrune ├── content-type@1.0.4
209 silly idealTree:prePrune ├── cookie-signature@1.0.6
209 silly idealTree:prePrune ├── cookie@0.4.0
209 silly idealTree:prePrune ├── debug@2.6.9
209 silly idealTree:prePrune ├── depd@1.1.2
209 silly idealTree:prePrune ├── destroy@1.0.4
209 silly idealTree:prePrune ├── ee-first@1.1.1
209 silly idealTree:prePrune ├── encodeurl@1.0.2
209 silly idealTree:prePrune ├── escape-html@1.0.3
209 silly idealTree:prePrune ├── etag@1.8.1
209 silly idealTree:prePrune ├── express@4.17.1
209 silly idealTree:prePrune ├── finalhandler@1.1.2
209 silly idealTree:prePrune ├── forwarded@0.2.0
209 silly idealTree:prePrune ├── fresh@0.5.2
209 silly idealTree:prePrune ├── http-errors@1.7.2
209 silly idealTree:prePrune ├── iconv-lite@0.4.24
209 silly idealTree:prePrune ├── inherits@2.0.3
209 silly idealTree:prePrune ├── ipaddr.js@1.9.1
209 silly idealTree:prePrune ├── media-typer@0.3.0
209 silly idealTree:prePrune ├── merge-descriptors@1.0.1
209 silly idealTree:prePrune ├── methods@1.1.2
209 silly idealTree:prePrune ├── mime-db@1.49.0
209 silly idealTree:prePrune ├── mime-types@2.1.32
209 silly idealTree:prePrune ├── mime@1.6.0
209 silly idealTree:prePrune ├─┬ morgan@1.10.0
209 silly idealTree:prePrune │ └── depd@2.0.0
209 silly idealTree:prePrune ├── ms@2.0.0
209 silly idealTree:prePrune ├── negotiator@0.6.2
209 silly idealTree:prePrune ├── on-finished@2.3.0
209 silly idealTree:prePrune ├── on-headers@1.0.2
209 silly idealTree:prePrune ├── parseurl@1.3.3
209 silly idealTree:prePrune ├── path-to-regexp@0.1.7
209 silly idealTree:prePrune ├── proxy-addr@2.0.7
209 silly idealTree:prePrune ├── qs@6.7.0
209 silly idealTree:prePrune ├── range-parser@1.2.1
209 silly idealTree:prePrune ├── raw-body@2.4.0
209 silly idealTree:prePrune ├── safe-buffer@5.1.2
209 silly idealTree:prePrune ├── safer-buffer@2.1.2
209 silly idealTree:prePrune ├─┬ send@0.17.1
209 silly idealTree:prePrune │ └── ms@2.1.1
209 silly idealTree:prePrune ├── serve-static@1.14.1
209 silly idealTree:prePrune ├── setprototypeof@1.1.1
209 silly idealTree:prePrune ├── statuses@1.5.0
209 silly idealTree:prePrune ├── toidentifier@1.0.0
209 silly idealTree:prePrune ├── type-is@1.6.18
209 silly idealTree:prePrune ├── unpipe@1.0.0
209 silly idealTree:prePrune ├── utils-merge@1.0.1
209 silly idealTree:prePrune └── vary@1.1.2
210 silly loadIdealTree Finishing
211 silly currentTree express-ex0@1.0.0
211 silly currentTree ├── accepts@1.3.7
211 silly currentTree ├── array-flatten@1.1.1
211 silly currentTree ├── basic-auth@2.0.1
211 silly currentTree ├── body-parser@1.19.0
211 silly currentTree ├── bytes@3.1.0
211 silly currentTree ├── content-disposition@0.5.3
211 silly currentTree ├── content-type@1.0.4
211 silly currentTree ├── cookie-signature@1.0.6
211 silly currentTree ├── cookie@0.4.0
211 silly currentTree ├── debug@2.6.9
211 silly currentTree ├── depd@1.1.2
211 silly currentTree ├── destroy@1.0.4
211 silly currentTree ├── ee-first@1.1.1
211 silly currentTree ├── encodeurl@1.0.2
211 silly currentTree ├── escape-html@1.0.3
211 silly currentTree ├── etag@1.8.1
211 silly currentTree ├── express@4.17.1
211 silly currentTree ├── finalhandler@1.1.2
211 silly currentTree ├── forwarded@0.2.0
211 silly currentTree ├── fresh@0.5.2
211 silly currentTree ├── http-errors@1.7.2
211 silly currentTree ├── iconv-lite@0.4.24
211 silly currentTree ├── inherits@2.0.3
211 silly currentTree ├── ipaddr.js@1.9.1
211 silly currentTree ├── media-typer@0.3.0
211 silly currentTree ├── merge-descriptors@1.0.1
211 silly currentTree ├── methods@1.1.2
211 silly currentTree ├── mime-db@1.49.0
211 silly currentTree ├── mime-types@2.1.32
211 silly currentTree ├── mime@1.6.0
211 silly currentTree ├─┬ morgan@1.10.0
211 silly currentTree │ └── depd@2.0.0
211 silly currentTree ├── ms@2.0.0
211 silly currentTree ├── negotiator@0.6.2
211 silly currentTree ├── on-finished@2.3.0
211 silly currentTree ├── on-headers@1.0.2
211 silly currentTree ├── parseurl@1.3.3
211 silly currentTree ├── path-to-regexp@0.1.7
211 silly currentTree ├── proxy-addr@2.0.7
211 silly currentTree ├── qs@6.7.0
211 silly currentTree ├── range-parser@1.2.1
211 silly currentTree ├── raw-body@2.4.0
211 silly currentTree ├── safe-buffer@5.1.2
211 silly currentTree ├── safer-buffer@2.1.2
211 silly currentTree ├─┬ send@0.17.1
211 silly currentTree │ └── ms@2.1.1
211 silly currentTree ├── serve-static@1.14.1
211 silly currentTree ├── setprototypeof@1.1.1
211 silly currentTree ├── statuses@1.5.0
211 silly currentTree ├── toidentifier@1.0.0
211 silly currentTree ├── type-is@1.6.18
211 silly currentTree ├── unpipe@1.0.0
211 silly currentTree ├── utils-merge@1.0.1
211 silly currentTree └── vary@1.1.2
212 silly idealTree express-ex0@1.0.0
212 silly idealTree ├── accepts@1.3.7
212 silly idealTree ├── array-flatten@1.1.1
212 silly idealTree ├── basic-auth@2.0.1
212 silly idealTree ├── body-parser@1.19.0
212 silly idealTree ├── bytes@3.1.0
212 silly idealTree ├── content-disposition@0.5.3
212 silly idealTree ├── content-type@1.0.4
212 silly idealTree ├── cookie-signature@1.0.6
212 silly idealTree ├── cookie@0.4.0
212 silly idealTree ├── debug@2.6.9
212 silly idealTree ├── depd@1.1.2
212 silly idealTree ├── destroy@1.0.4
212 silly idealTree ├── ee-first@1.1.1
212 silly idealTree ├── encodeurl@1.0.2
212 silly idealTree ├── escape-html@1.0.3
212 silly idealTree ├── etag@1.8.1
212 silly idealTree ├── express@4.17.1
212 silly idealTree ├── finalhandler@1.1.2
212 silly idealTree ├── forwarded@0.2.0
212 silly idealTree ├── fresh@0.5.2
212 silly idealTree ├── http-errors@1.7.2
212 silly idealTree ├── iconv-lite@0.4.24
212 silly idealTree ├── inherits@2.0.3
212 silly idealTree ├── ipaddr.js@1.9.1
212 silly idealTree ├── media-typer@0.3.0
212 silly idealTree ├── merge-descriptors@1.0.1
212 silly idealTree ├── methods@1.1.2
212 silly idealTree ├── mime-db@1.49.0
212 silly idealTree ├── mime-types@2.1.32
212 silly idealTree ├── mime@1.6.0
212 silly idealTree ├─┬ morgan@1.10.0
212 silly idealTree │ └── depd@2.0.0
212 silly idealTree ├── ms@2.0.0
212 silly idealTree ├── negotiator@0.6.2
212 silly idealTree ├── on-finished@2.3.0
212 silly idealTree ├── on-headers@1.0.2
212 silly idealTree ├── parseurl@1.3.3
212 silly idealTree ├── path-to-regexp@0.1.7
212 silly idealTree ├── proxy-addr@2.0.7
212 silly idealTree ├── qs@6.7.0
212 silly idealTree ├── range-parser@1.2.1
212 silly idealTree ├── raw-body@2.4.0
212 silly idealTree ├── safe-buffer@5.1.2
212 silly idealTree ├── safer-buffer@2.1.2
212 silly idealTree ├─┬ send@0.17.1
212 silly idealTree │ └── ms@2.1.1
212 silly idealTree ├── serve-static@1.14.1
212 silly idealTree ├── setprototypeof@1.1.1
212 silly idealTree ├── statuses@1.5.0
212 silly idealTree ├── toidentifier@1.0.0
212 silly idealTree ├── type-is@1.6.18
212 silly idealTree ├── unpipe@1.0.0
212 silly idealTree ├── utils-merge@1.0.1
212 silly idealTree └── vary@1.1.2
213 silly generateActionsToTake Starting
214 silly install generateActionsToTake
215 silly generateActionsToTake Finishing
216 silly diffTrees action count 1
217 silly diffTrees update express@4.17.1
218 silly decomposeActions action count 8
219 silly decomposeActions fetch express@4.17.1
220 silly decomposeActions extract express@4.17.1
221 silly decomposeActions test express@4.17.1
222 silly decomposeActions preinstall express@4.17.1
223 silly decomposeActions build express@4.17.1
224 silly decomposeActions install express@4.17.1
225 silly decomposeActions postinstall express@4.17.1
226 silly decomposeActions finalize express@4.17.1
227 silly executeActions Starting
228 silly install executeActions
229 silly doSerial global-install 0
230 silly doParallel fetch 1
231 verbose lock using /home/gs00119/.npm/_locks/staging-d4dc38cbd39cf90f.lock for /home/gs00119/WA1/express-ex0/express-ex0/node_modules/.staging
232 silly doParallel extract 1
233 silly extract express@4.17.1
234 verbose unbuild node_modules/.staging/express-1dd42f5a
235 silly gentlyRm /home/gs00119/WA1/express-ex0/express-ex0/node_modules/.staging/express-1dd42f5a is being purged from base /home/gs00119/WA1/express-ex0/express-ex0
236 verbose gentlyRm don't care about contents; nuking /home/gs00119/WA1/express-ex0/express-ex0/node_modules/.staging/express-1dd42f5a
237 verbose tar unpack /home/gs00119/.npm/express/4.17.1/package.tgz
238 verbose tar unpacking to /home/gs00119/WA1/express-ex0/express-ex0/node_modules/.staging/express-1dd42f5a
239 silly gentlyRm /home/gs00119/WA1/express-ex0/express-ex0/node_modules/.staging/express-1dd42f5a is being purged
240 verbose gentlyRm don't care about contents; nuking /home/gs00119/WA1/express-ex0/express-ex0/node_modules/.staging/express-1dd42f5a
241 silly gunzTarPerm modes [ '755', '644' ]
242 silly gunzTarPerm extractEntry package.json
243 silly gunzTarPerm extractEntry History.md
244 silly gunzTarPerm extractEntry index.js
245 silly gunzTarPerm extractEntry LICENSE
246 silly gunzTarPerm extractEntry Readme.md
247 silly gunzTarPerm extractEntry lib/application.js
248 silly gunzTarPerm extractEntry lib/express.js
249 silly gunzTarPerm extractEntry lib/middleware/init.js
250 silly gunzTarPerm extractEntry lib/middleware/query.js
251 silly gunzTarPerm extractEntry lib/request.js
252 silly gunzTarPerm extractEntry lib/response.js
253 silly gunzTarPerm extractEntry lib/router/index.js
254 silly gunzTarPerm extractEntry lib/router/layer.js
255 silly gunzTarPerm extractEntry lib/router/route.js
256 silly gunzTarPerm extractEntry lib/utils.js
257 silly gunzTarPerm extractEntry lib/view.js
258 silly gentlyRm /home/gs00119/WA1/express-ex0/express-ex0/node_modules/.staging/express-1dd42f5a/node_modules is being purged
259 verbose gentlyRm don't care about contents; nuking /home/gs00119/WA1/express-ex0/express-ex0/node_modules/.staging/express-1dd42f5a/node_modules
260 silly doParallel preinstall 1
261 silly preinstall express@4.17.1 /home/gs00119/WA1/express-ex0/express-ex0/node_modules/.staging/express-1dd42f5a
262 info lifecycle express@4.17.1~preinstall: express@4.17.1
263 silly lifecycle express@4.17.1~preinstall: no script for preinstall, continuing
264 silly doReverseSerial remove 0
265 silly doSerial move 0
266 silly doSerial finalize 1
267 silly finalize /home/gs00119/WA1/express-ex0/express-ex0/node_modules/express
268 verbose unlock done using /home/gs00119/.npm/_locks/staging-d4dc38cbd39cf90f.lock for /home/gs00119/WA1/express-ex0/express-ex0/node_modules/.staging
269 silly rollbackFailedOptional Starting
270 silly rollbackFailedOptional Finishing
271 silly runTopLevelLifecycles Starting
272 silly runTopLevelLifecycles Finishing
273 silly install printInstalled
274 warn express-ex0@1.0.0 No description
275 warn express-ex0@1.0.0 No repository field.
276 verbose stack Error: EACCES: permission denied, rename '/home/gs00119/WA1/express-ex0/express-ex0/node_modules/express' -> '/home/gs00119/WA1/express-ex0/express-ex0/node_modules/.express.DELETE'
276 verbose stack     at moveAway (/usr/share/npm/lib/install/action/finalize.js:38:5)
276 verbose stack     at destStatted (/usr/share/npm/lib/install/action/finalize.js:27:7)
276 verbose stack     at FSReqWrap.oncomplete (fs.js:153:5)
276 verbose stack
276 verbose stack Error: EACCES: permission denied, rename '/home/gs00119/WA1/express-ex0/express-ex0/node_modules/express' -> '/home/gs00119/WA1/express-ex0/express-ex0/node_modules/.express.DELETE'
277 verbose cwd /home/gs00119/WA1/express-ex0/express-ex0
278 error Linux 4.4.0-19041-Microsoft
279 error argv "/usr/bin/node" "/usr/bin/npm" "install" "morgan"
280 error node v8.10.0
281 error npm  v3.5.2
282 error path /home/gs00119/WA1/express-ex0/express-ex0/node_modules/express
283 error code EACCES
284 error errno -13
285 error syscall rename
286 error Error: EACCES: permission denied, rename '/home/gs00119/WA1/express-ex0/express-ex0/node_modules/express' -> '/home/gs00119/WA1/express-ex0/express-ex0/node_modules/.express.DELETE'
286 error     at moveAway (/usr/share/npm/lib/install/action/finalize.js:38:5)
286 error     at destStatted (/usr/share/npm/lib/install/action/finalize.js:27:7)
286 error     at FSReqWrap.oncomplete (fs.js:153:5)
286 error
286 error Error: EACCES: permission denied, rename '/home/gs00119/WA1/express-ex0/express-ex0/node_modules/express' -> '/home/gs00119/WA1/express-ex0/express-ex0/node_modules/.express.DELETE'
286 error  { Error: EACCES: permission denied, rename '/home/gs00119/WA1/express-ex0/express-ex0/node_modules/express' -> '/home/gs00119/WA1/express-ex0/express-ex0/node_modules/.express.DELETE'
286 error     at moveAway (/usr/share/npm/lib/install/action/finalize.js:38:5)
286 error     at destStatted (/usr/share/npm/lib/install/action/finalize.js:27:7)
286 error     at FSReqWrap.oncomplete (fs.js:153:5)
286 error
286 error Error: EACCES: permission denied, rename '/home/gs00119/WA1/express-ex0/express-ex0/node_modules/express' -> '/home/gs00119/WA1/express-ex0/express-ex0/node_modules/.express.DELETE' parent: 'express-ex0' }
287 error Please try running this command again as root/Administrator.
288 verbose exit [ -13, true ]
